20230602 10:08:42 INFO  [main] base.BaseTest BaseTest.java107 - https://qa-tekarch.firebaseapp.comis entered
20230602 10:08:42 INFO  [main] tests.AutomationScripts AutomationScripts.java32 - inside the login_to_firebase_testscript test method
20230602 10:08:43 INFO  [main] base.BaseTest BaseTest.java88 - pass:username  element cleared
20230602 10:08:43 INFO  [main] base.BaseTest BaseTest.java79 - Pass:username is entered to the username filed
20230602 10:08:43 INFO  [main] base.BaseTest BaseTest.java88 - pass:password  element cleared
20230602 10:08:44 INFO  [main] base.BaseTest BaseTest.java79 - Pass:password is entered to the username filed
20230602 10:08:44 INFO  [main] base.BaseTest BaseTest.java98 - pass:login button element clicked
20230602 10:15:17 INFO  [main] base.BaseTest BaseTest.java109 - https://qa-tekarch.firebaseapp.comis entered
20230602 10:15:22 INFO  [main] base.BaseTest BaseTest.java90 - pass:username  element cleared
20230602 10:15:22 INFO  [main] base.BaseTest BaseTest.java81 - Pass:username is entered to the username filed
20230602 10:15:23 INFO  [main] base.BaseTest BaseTest.java90 - pass:password  element cleared
20230602 10:15:24 INFO  [main] base.BaseTest BaseTest.java81 - Pass:password is entered to the username filed
20230602 10:15:25 INFO  [main] base.BaseTest BaseTest.java100 - pass:login button element clicked
20230602 10:15:40 INFO  [main] base.BaseTest BaseTest.java109 - https://qa-tekarch.firebaseapp.comis entered
20230602 10:15:40 INFO  [main] tests.AutomationScripts AutomationScripts.java32 - inside the login_to_firebase_testscript test method
20230602 10:15:41 INFO  [main] base.BaseTest BaseTest.java90 - pass:username  element cleared
20230602 10:15:42 INFO  [main] base.BaseTest BaseTest.java81 - Pass:username is entered to the username filed
20230602 10:15:42 INFO  [main] base.BaseTest BaseTest.java90 - pass:password  element cleared
20230602 10:15:42 INFO  [main] base.BaseTest BaseTest.java81 - Pass:password is entered to the username filed
20230602 10:15:43 INFO  [main] base.BaseTest BaseTest.java100 - pass:login button element clicked
20230602 10:20:01 INFO  [main] base.BaseTest BaseTest.java110 - https://qa-tekarch.firebaseapp.comis entered
20230602 10:20:01 INFO  [main] tests.AutomationScripts AutomationScripts.java32 - inside the login_to_firebase_testscript test method
20230602 10:20:03 INFO  [main] base.BaseTest BaseTest.java91 - pass:username  element cleared
20230602 10:20:04 INFO  [main] base.BaseTest BaseTest.java82 - Pass:username is entered to the username filed
20230602 10:20:04 INFO  [main] base.BaseTest BaseTest.java91 - pass:password  element cleared
20230602 10:20:05 INFO  [main] base.BaseTest BaseTest.java82 - Pass:password is entered to the username filed
20230602 10:20:05 INFO  [main] base.BaseTest BaseTest.java101 - pass:login button element clicked
20230602 10:21:55 INFO  [main] base.BaseTest BaseTest.java110 - https://qa-tekarch.firebaseapp.comis entered
20230602 10:22:00 INFO  [main] base.BaseTest BaseTest.java91 - pass:username  element cleared
20230602 10:22:00 INFO  [main] base.BaseTest BaseTest.java82 - Pass:username is entered to the username filed
20230602 10:22:00 INFO  [main] base.BaseTest BaseTest.java91 - pass:password  element cleared
20230602 10:22:01 INFO  [main] base.BaseTest BaseTest.java82 - Pass:password is entered to the username filed
20230602 10:22:01 INFO  [main] base.BaseTest BaseTest.java101 - pass:login button element clicked
20230602 10:22:17 INFO  [main] base.BaseTest BaseTest.java110 - https://qa-tekarch.firebaseapp.comis entered
20230602 10:22:17 INFO  [main] tests.AutomationScripts AutomationScripts.java32 - inside the login_to_firebase_testscript test method
20230602 10:22:19 INFO  [main] base.BaseTest BaseTest.java91 - pass:username  element cleared
20230602 10:22:19 INFO  [main] base.BaseTest BaseTest.java82 - Pass:username is entered to the username filed
20230602 10:22:20 INFO  [main] base.BaseTest BaseTest.java91 - pass:password  element cleared
20230602 10:22:20 INFO  [main] base.BaseTest BaseTest.java82 - Pass:password is entered to the username filed
20230602 10:22:21 INFO  [main] base.BaseTest BaseTest.java101 - pass:login button element clicked
20230602 12:54:47 INFO  [main] base.BaseTest BaseTest.java114 - https://qa-tekarch.firebaseapp.comis entered
20230602 12:54:51 INFO  [main] base.BaseTest BaseTest.java95 - pass:username  element cleared
20230602 12:54:52 INFO  [main] base.BaseTest BaseTest.java85 - Pass:username is entered to the username filed
20230602 12:54:52 INFO  [main] base.BaseTest BaseTest.java95 - pass:password  element cleared
20230602 12:54:52 INFO  [main] base.BaseTest BaseTest.java85 - Pass:password is entered to the username filed
20230602 12:54:52 INFO  [main] base.BaseTest BaseTest.java105 - pass:login button element clicked
20230602 12:55:06 INFO  [main] base.BaseTest BaseTest.java114 - https://qa-tekarch.firebaseapp.comis entered
20230602 12:55:06 INFO  [main] tests.AutomationScripts AutomationScripts.java32 - inside the login_to_firebase_testscript test method
20230602 12:55:06 INFO  [main] base.BaseTest BaseTest.java95 - pass:username  element cleared
20230602 12:55:07 INFO  [main] base.BaseTest BaseTest.java85 - Pass:username is entered to the username filed
20230602 12:55:07 INFO  [main] base.BaseTest BaseTest.java95 - pass:password  element cleared
20230602 12:55:07 INFO  [main] base.BaseTest BaseTest.java85 - Pass:password is entered to the username filed
20230602 12:55:07 INFO  [main] base.BaseTest BaseTest.java105 - pass:login button element clicked
20230605 07:54:08 INFO  [main] base.BaseTest BaseTest.java114 - https://qa-tekarch.firebaseapp.comis entered
20230605 07:54:08 INFO  [main] base.BaseTest BaseTest.java95 - pass:usernameEle  element cleared
20230605 07:54:09 INFO  [main] base.BaseTest BaseTest.java85 - Pass:usernameEle is entered to the username filed
20230605 09:32:44 INFO  [main] base.BaseTest BaseTest.java121 - https://qa-tekarch.firebaseapp.comis entered
20230605 09:32:45 INFO  [main] base.BaseTest BaseTest.java102 - pass:usernameEle  element cleared
20230605 09:32:45 INFO  [main] base.BaseTest BaseTest.java92 - Pass:usernameEle is entered to the username filed
20230605 09:32:46 INFO  [main] base.BaseTest BaseTest.java102 - pass:passwordEle  element cleared
20230605 09:32:46 INFO  [main] base.BaseTest BaseTest.java92 - Pass:passwordEle is entered to the username filed
20230605 09:32:51 INFO  [main] base.BaseTest BaseTest.java102 - pass:name field  element cleared
20230605 09:32:51 INFO  [main] base.BaseTest BaseTest.java92 - Pass:name field is entered to the username filed
20230605 09:33:00 INFO  [main] base.BaseTest BaseTest.java121 - https://qa-tekarch.firebaseapp.comis entered
20230605 09:33:02 INFO  [main] base.BaseTest BaseTest.java102 - pass:usernameEle  element cleared
20230605 09:33:02 INFO  [main] base.BaseTest BaseTest.java92 - Pass:usernameEle is entered to the username filed
20230605 09:33:02 INFO  [main] base.BaseTest BaseTest.java102 - pass:passwordEle  element cleared
20230605 09:33:02 INFO  [main] base.BaseTest BaseTest.java92 - Pass:passwordEle is entered to the username filed
20230605 09:33:17 INFO  [main] base.BaseTest BaseTest.java121 - https://qa-tekarch.firebaseapp.comis entered
20230605 09:33:17 INFO  [main] tests.AutomationScripts AutomationScripts.java32 - inside the login_to_firebase_testscript test method
20230605 09:33:18 INFO  [main] base.BaseTest BaseTest.java102 - pass:username  element cleared
20230605 09:33:18 INFO  [main] base.BaseTest BaseTest.java92 - Pass:username is entered to the username filed
20230605 09:33:19 INFO  [main] base.BaseTest BaseTest.java102 - pass:password  element cleared
20230605 09:33:19 INFO  [main] base.BaseTest BaseTest.java92 - Pass:password is entered to the username filed
20230605 09:33:19 INFO  [main] base.BaseTest BaseTest.java112 - pass:login button element clicked
20230605 09:37:02 INFO  [main] base.BaseTest BaseTest.java121 - https://qa-tekarch.firebaseapp.comis entered
20230605 09:37:04 INFO  [main] base.BaseTest BaseTest.java102 - pass:usernameEle  element cleared
20230605 09:37:04 INFO  [main] base.BaseTest BaseTest.java92 - Pass:usernameEle is entered to the username filed
20230605 09:37:05 INFO  [main] base.BaseTest BaseTest.java102 - pass:passwordEle  element cleared
20230605 09:37:05 INFO  [main] base.BaseTest BaseTest.java92 - Pass:passwordEle is entered to the username filed
20230605 09:37:10 INFO  [main] base.BaseTest BaseTest.java102 - pass:name field  element cleared
20230605 09:37:10 INFO  [main] base.BaseTest BaseTest.java92 - Pass:name field is entered to the username filed
20230605 09:37:21 INFO  [main] base.BaseTest BaseTest.java121 - https://qa-tekarch.firebaseapp.comis entered
20230605 09:37:22 INFO  [main] base.BaseTest BaseTest.java102 - pass:usernameEle  element cleared
20230605 09:37:23 INFO  [main] base.BaseTest BaseTest.java92 - Pass:usernameEle is entered to the username filed
20230605 09:37:23 INFO  [main] base.BaseTest BaseTest.java102 - pass:passwordEle  element cleared
20230605 09:37:23 INFO  [main] base.BaseTest BaseTest.java92 - Pass:passwordEle is entered to the username filed
20230605 09:37:38 INFO  [main] base.BaseTest BaseTest.java121 - https://qa-tekarch.firebaseapp.comis entered
20230605 09:37:38 INFO  [main] tests.AutomationScripts AutomationScripts.java32 - inside the login_to_firebase_testscript test method
20230605 09:37:40 INFO  [main] base.BaseTest BaseTest.java102 - pass:username  element cleared
20230605 09:37:40 INFO  [main] base.BaseTest BaseTest.java92 - Pass:username is entered to the username filed
20230605 09:37:41 INFO  [main] base.BaseTest BaseTest.java102 - pass:password  element cleared
20230605 09:37:41 INFO  [main] base.BaseTest BaseTest.java92 - Pass:password is entered to the username filed
20230605 09:37:41 INFO  [main] base.BaseTest BaseTest.java112 - pass:login button element clicked
20230605 09:50:04 INFO  [main] base.BaseTest BaseTest.java121 - https://qa-tekarch.firebaseapp.comis entered
20230605 09:50:05 INFO  [main] base.BaseTest BaseTest.java102 - pass:usernameEle  element cleared
20230605 09:50:06 INFO  [main] base.BaseTest BaseTest.java92 - Pass:usernameEle is entered to the username filed
20230605 09:50:06 INFO  [main] base.BaseTest BaseTest.java102 - pass:passwordEle  element cleared
20230605 09:50:06 INFO  [main] base.BaseTest BaseTest.java92 - Pass:passwordEle is entered to the username filed
20230605 09:50:12 INFO  [main] base.BaseTest BaseTest.java102 - pass:name field  element cleared
20230605 09:50:12 INFO  [main] base.BaseTest BaseTest.java92 - Pass:name field is entered to the username filed
20230605 09:50:22 INFO  [main] base.BaseTest BaseTest.java121 - https://qa-tekarch.firebaseapp.comis entered
20230605 09:50:24 INFO  [main] base.BaseTest BaseTest.java102 - pass:usernameEle  element cleared
20230605 09:50:24 INFO  [main] base.BaseTest BaseTest.java92 - Pass:usernameEle is entered to the username filed
20230605 09:50:25 INFO  [main] base.BaseTest BaseTest.java102 - pass:passwordEle  element cleared
20230605 09:50:25 INFO  [main] base.BaseTest BaseTest.java92 - Pass:passwordEle is entered to the username filed
20230605 09:55:33 INFO  [main] base.BaseTest BaseTest.java124 - https://qa-tekarch.firebaseapp.comis entered
20230605 09:55:34 INFO  [main] base.BaseTest BaseTest.java102 - pass:usernameEle  element cleared
20230605 09:55:35 INFO  [main] base.BaseTest BaseTest.java92 - Pass:usernameEle is entered to the username filed
20230605 09:55:35 INFO  [main] base.BaseTest BaseTest.java102 - pass:passwordEle  element cleared
20230605 09:55:35 INFO  [main] base.BaseTest BaseTest.java92 - Pass:passwordEle is entered to the username filed
20230605 09:55:40 INFO  [main] base.BaseTest BaseTest.java102 - pass:name field  element cleared
20230605 09:55:41 INFO  [main] base.BaseTest BaseTest.java92 - Pass:name field is entered to the username filed
20230605 09:55:51 INFO  [main] base.BaseTest BaseTest.java124 - https://qa-tekarch.firebaseapp.comis entered
20230605 09:55:53 INFO  [main] base.BaseTest BaseTest.java102 - pass:usernameEle  element cleared
20230605 09:55:53 INFO  [main] base.BaseTest BaseTest.java92 - Pass:usernameEle is entered to the username filed
20230605 09:55:53 INFO  [main] base.BaseTest BaseTest.java102 - pass:passwordEle  element cleared
20230605 09:55:53 INFO  [main] base.BaseTest BaseTest.java92 - Pass:passwordEle is entered to the username filed
20230605 10:04:55 INFO  [main] base.BaseTest BaseTest.java124 - https://qa-tekarch.firebaseapp.comis entered
20230605 10:04:56 INFO  [main] base.BaseTest BaseTest.java102 - pass:usernameEle  element cleared
20230605 10:04:56 INFO  [main] base.BaseTest BaseTest.java92 - Pass:usernameEle is entered to the username filed
20230605 10:08:23 INFO  [main] base.BaseTest BaseTest.java124 - https://qa-tekarch.firebaseapp.comis entered
20230605 10:08:25 INFO  [main] base.BaseTest BaseTest.java102 - pass:usernameEle  element cleared
20230605 10:08:25 INFO  [main] base.BaseTest BaseTest.java92 - Pass:usernameEle is entered to the username filed
20230605 10:08:25 INFO  [main] base.BaseTest BaseTest.java102 - pass:passwordEle  element cleared
20230605 10:08:25 INFO  [main] base.BaseTest BaseTest.java92 - Pass:passwordEle is entered to the username filed
20230605 10:08:31 INFO  [main] base.BaseTest BaseTest.java102 - pass:name field  element cleared
20230605 10:08:31 INFO  [main] base.BaseTest BaseTest.java92 - Pass:name field is entered to the username filed
20230605 10:08:41 INFO  [main] base.BaseTest BaseTest.java124 - https://qa-tekarch.firebaseapp.comis entered
20230605 10:08:44 INFO  [main] base.BaseTest BaseTest.java102 - pass:usernameEle  element cleared
20230605 10:08:44 INFO  [main] base.BaseTest BaseTest.java92 - Pass:usernameEle is entered to the username filed
20230605 10:08:44 INFO  [main] base.BaseTest BaseTest.java102 - pass:passwordEle  element cleared
20230605 10:08:44 INFO  [main] base.BaseTest BaseTest.java92 - Pass:passwordEle is entered to the username filed
20230605 10:10:27 INFO  [main] base.BaseTest BaseTest.java124 - https://qa-tekarch.firebaseapp.comis entered
20230605 10:10:28 INFO  [main] base.BaseTest BaseTest.java102 - pass:usernameEle  element cleared
20230605 10:10:29 INFO  [main] base.BaseTest BaseTest.java92 - Pass:usernameEle is entered to the username filed
20230605 10:10:29 INFO  [main] base.BaseTest BaseTest.java102 - pass:passwordEle  element cleared
20230605 10:10:29 INFO  [main] base.BaseTest BaseTest.java92 - Pass:passwordEle is entered to the username filed
20230605 10:10:35 INFO  [main] base.BaseTest BaseTest.java102 - pass:name field  element cleared
20230605 10:10:35 INFO  [main] base.BaseTest BaseTest.java92 - Pass:name field is entered to the username filed
20230605 10:10:45 INFO  [main] base.BaseTest BaseTest.java124 - https://qa-tekarch.firebaseapp.comis entered
20230605 10:10:46 INFO  [main] base.BaseTest BaseTest.java102 - pass:usernameEle  element cleared
20230605 10:10:46 INFO  [main] base.BaseTest BaseTest.java92 - Pass:usernameEle is entered to the username filed
20230605 10:10:47 INFO  [main] base.BaseTest BaseTest.java102 - pass:passwordEle  element cleared
20230605 10:10:47 INFO  [main] base.BaseTest BaseTest.java92 - Pass:passwordEle is entered to the username filed
20230605 10:12:06 INFO  [main] base.BaseTest BaseTest.java124 - https://qa-tekarch.firebaseapp.comis entered
20230605 10:12:08 INFO  [main] base.BaseTest BaseTest.java102 - pass:usernameEle  element cleared
20230605 10:12:08 INFO  [main] base.BaseTest BaseTest.java92 - Pass:usernameEle is entered to the username filed
20230605 10:12:08 INFO  [main] base.BaseTest BaseTest.java102 - pass:passwordEle  element cleared
20230605 10:12:08 INFO  [main] base.BaseTest BaseTest.java92 - Pass:passwordEle is entered to the username filed
20230605 10:12:14 INFO  [main] base.BaseTest BaseTest.java102 - pass:name field  element cleared
20230605 10:12:14 INFO  [main] base.BaseTest BaseTest.java92 - Pass:name field is entered to the username filed
20230605 10:12:24 INFO  [main] base.BaseTest BaseTest.java124 - https://qa-tekarch.firebaseapp.comis entered
20230605 10:12:26 INFO  [main] base.BaseTest BaseTest.java102 - pass:usernameEle  element cleared
20230605 10:12:26 INFO  [main] base.BaseTest BaseTest.java92 - Pass:usernameEle is entered to the username filed
20230605 10:12:26 INFO  [main] base.BaseTest BaseTest.java102 - pass:passwordEle  element cleared
20230605 10:12:26 INFO  [main] base.BaseTest BaseTest.java92 - Pass:passwordEle is entered to the username filed
20230605 11:19:46 INFO  [main] base.BaseTest BaseTest.java124 - https://qa-tekarch.firebaseapp.comis entered
20230605 11:19:50 INFO  [main] base.BaseTest BaseTest.java102 - pass:usernameEle  element cleared
20230605 11:19:50 INFO  [main] base.BaseTest BaseTest.java92 - Pass:usernameEle is entered to the username filed
20230605 11:19:57 INFO  [main] base.BaseTest BaseTest.java124 - https://qa-tekarch.firebaseapp.comis entered
20230605 11:19:58 INFO  [main] base.BaseTest BaseTest.java102 - pass:usernameEle  element cleared
20230605 11:19:59 INFO  [main] base.BaseTest BaseTest.java92 - Pass:usernameEle is entered to the username filed
20230605 11:20:05 INFO  [main] base.BaseTest BaseTest.java124 - https://qa-tekarch.firebaseapp.comis entered
20230605 11:20:05 INFO  [main] tests.AutomationScripts AutomationScripts.java32 - inside the login_to_firebase_testscript test method
20230605 11:20:06 INFO  [main] base.BaseTest BaseTest.java102 - pass:username  element cleared
20230605 11:20:06 INFO  [main] base.BaseTest BaseTest.java92 - Pass:username is entered to the username filed
20230605 11:24:03 INFO  [main] base.BaseTest BaseTest.java124 - https://qa-tekarch.firebaseapp.comis entered
20230605 11:24:05 INFO  [main] base.BaseTest BaseTest.java102 - pass:usernameEle  element cleared
20230605 11:24:06 INFO  [main] base.BaseTest BaseTest.java92 - Pass:usernameEle is entered to the username filed
20230605 11:24:06 INFO  [main] base.BaseTest BaseTest.java102 - pass:passwordEle  element cleared
20230605 11:24:07 INFO  [main] base.BaseTest BaseTest.java92 - Pass:passwordEle is entered to the username filed
20230605 11:24:12 INFO  [main] base.BaseTest BaseTest.java102 - pass:name field  element cleared
20230605 11:24:13 INFO  [main] base.BaseTest BaseTest.java92 - Pass:name field is entered to the username filed
20230605 11:24:21 INFO  [main] base.BaseTest BaseTest.java124 - https://qa-tekarch.firebaseapp.comis entered
20230605 11:24:23 INFO  [main] base.BaseTest BaseTest.java102 - pass:usernameEle  element cleared
20230605 11:24:23 INFO  [main] base.BaseTest BaseTest.java92 - Pass:usernameEle is entered to the username filed
20230605 11:24:23 INFO  [main] base.BaseTest BaseTest.java102 - pass:passwordEle  element cleared
20230605 11:24:23 INFO  [main] base.BaseTest BaseTest.java92 - Pass:passwordEle is entered to the username filed
20230605 11:24:37 INFO  [main] base.BaseTest BaseTest.java124 - https://qa-tekarch.firebaseapp.comis entered
20230605 11:24:37 INFO  [main] tests.AutomationScripts AutomationScripts.java32 - inside the login_to_firebase_testscript test method
20230605 11:24:38 INFO  [main] base.BaseTest BaseTest.java102 - pass:username  element cleared
20230605 11:24:39 INFO  [main] base.BaseTest BaseTest.java92 - Pass:username is entered to the username filed
20230605 11:24:39 INFO  [main] base.BaseTest BaseTest.java102 - pass:password  element cleared
20230605 11:24:39 INFO  [main] base.BaseTest BaseTest.java92 - Pass:password is entered to the username filed
20230605 11:24:40 INFO  [main] base.BaseTest BaseTest.java112 - pass:login button element clicked
20230605 11:32:48 INFO  [main] base.BaseTest BaseTest.java124 - https://qa-tekarch.firebaseapp.comis entered
20230605 11:32:50 INFO  [main] base.BaseTest BaseTest.java102 - pass:usernameEle  element cleared
20230605 11:32:50 INFO  [main] base.BaseTest BaseTest.java92 - Pass:usernameEle is entered to the username filed
20230605 11:32:50 INFO  [main] base.BaseTest BaseTest.java102 - pass:passwordEle  element cleared
20230605 11:32:50 INFO  [main] base.BaseTest BaseTest.java92 - Pass:passwordEle is entered to the username filed
20230605 11:32:56 INFO  [main] base.BaseTest BaseTest.java102 - pass:name field  element cleared
20230605 11:32:56 INFO  [main] base.BaseTest BaseTest.java92 - Pass:name field is entered to the username filed
20230605 11:33:03 INFO  [main] base.BaseTest BaseTest.java124 - https://qa-tekarch.firebaseapp.comis entered
20230605 11:33:05 INFO  [main] base.BaseTest BaseTest.java102 - pass:usernameEle  element cleared
20230605 11:33:05 INFO  [main] base.BaseTest BaseTest.java92 - Pass:usernameEle is entered to the username filed
20230605 11:33:05 INFO  [main] base.BaseTest BaseTest.java102 - pass:passwordEle  element cleared
20230605 11:33:06 INFO  [main] base.BaseTest BaseTest.java92 - Pass:passwordEle is entered to the username filed
20230605 11:33:17 INFO  [main] base.BaseTest BaseTest.java124 - https://qa-tekarch.firebaseapp.comis entered
20230605 11:33:17 INFO  [main] tests.AutomationScripts AutomationScripts.java32 - inside the login_to_firebase_testscript test method
20230605 11:33:18 INFO  [main] base.BaseTest BaseTest.java102 - pass:username  element cleared
20230605 11:33:18 INFO  [main] base.BaseTest BaseTest.java92 - Pass:username is entered to the username filed
20230605 11:33:19 INFO  [main] base.BaseTest BaseTest.java102 - pass:password  element cleared
20230605 11:33:19 INFO  [main] base.BaseTest BaseTest.java92 - Pass:password is entered to the username filed
20230605 11:33:19 INFO  [main] base.BaseTest BaseTest.java112 - pass:login button element clicked
20230605 11:35:49 INFO  [main] base.BaseTest BaseTest.java124 - https://qa-tekarch.firebaseapp.comis entered
20230605 11:35:50 INFO  [main] base.BaseTest BaseTest.java102 - pass:usernameEle  element cleared
20230605 11:35:50 INFO  [main] base.BaseTest BaseTest.java92 - Pass:usernameEle is entered to the username filed
20230605 11:35:50 INFO  [main] base.BaseTest BaseTest.java102 - pass:passwordEle  element cleared
20230605 11:35:51 INFO  [main] base.BaseTest BaseTest.java92 - Pass:passwordEle is entered to the username filed
20230605 11:35:56 INFO  [main] base.BaseTest BaseTest.java102 - pass:name field  element cleared
20230605 11:35:56 INFO  [main] base.BaseTest BaseTest.java92 - Pass:name field is entered to the username filed
20230605 11:36:04 INFO  [main] base.BaseTest BaseTest.java124 - https://qa-tekarch.firebaseapp.comis entered
20230605 11:36:06 INFO  [main] base.BaseTest BaseTest.java102 - pass:usernameEle  element cleared
20230605 11:36:06 INFO  [main] base.BaseTest BaseTest.java92 - Pass:usernameEle is entered to the username filed
20230605 11:36:07 INFO  [main] base.BaseTest BaseTest.java102 - pass:passwordEle  element cleared
20230605 11:36:07 INFO  [main] base.BaseTest BaseTest.java92 - Pass:passwordEle is entered to the username filed
20230605 11:36:20 INFO  [main] base.BaseTest BaseTest.java124 - https://qa-tekarch.firebaseapp.comis entered
20230605 11:36:20 INFO  [main] tests.AutomationScripts AutomationScripts.java32 - inside the login_to_firebase_testscript test method
20230605 11:36:21 INFO  [main] base.BaseTest BaseTest.java102 - pass:username  element cleared
20230605 11:36:22 INFO  [main] base.BaseTest BaseTest.java92 - Pass:username is entered to the username filed
20230605 11:36:22 INFO  [main] base.BaseTest BaseTest.java102 - pass:password  element cleared
20230605 11:36:22 INFO  [main] base.BaseTest BaseTest.java92 - Pass:password is entered to the username filed
20230605 11:36:23 INFO  [main] base.BaseTest BaseTest.java112 - pass:login button element clicked
20230605 12:19:02 INFO  [main] base.BaseTest BaseTest.java125 - https://qa-tekarch.firebaseapp.comis entered
20230605 12:19:04 INFO  [main] base.BaseTest BaseTest.java103 - pass:usernameEle  element cleared
20230605 12:19:04 INFO  [main] base.BaseTest BaseTest.java93 - Pass:usernameEle is entered to the username filed
20230605 12:19:04 INFO  [main] base.BaseTest BaseTest.java103 - pass:passwordEle  element cleared
20230605 12:19:04 INFO  [main] base.BaseTest BaseTest.java93 - Pass:passwordEle is entered to the username filed
20230605 12:19:09 INFO  [main] base.BaseTest BaseTest.java103 - pass:name field  element cleared
20230605 12:19:09 INFO  [main] base.BaseTest BaseTest.java93 - Pass:name field is entered to the username filed
20230605 12:19:20 INFO  [main] base.BaseTest BaseTest.java125 - https://qa-tekarch.firebaseapp.comis entered
20230605 12:19:22 INFO  [main] base.BaseTest BaseTest.java103 - pass:usernameEle  element cleared
20230605 12:19:22 INFO  [main] base.BaseTest BaseTest.java93 - Pass:usernameEle is entered to the username filed
20230605 12:19:22 INFO  [main] base.BaseTest BaseTest.java103 - pass:passwordEle  element cleared
20230605 12:19:22 INFO  [main] base.BaseTest BaseTest.java93 - Pass:passwordEle is entered to the username filed
20230605 12:19:32 INFO  [main] base.BaseTest BaseTest.java125 - https://qa-tekarch.firebaseapp.comis entered
20230605 12:19:32 INFO  [main] tests.AutomationScripts AutomationScripts.java32 - inside the login_to_firebase_testscript test method
20230605 12:24:06 INFO  [main] base.BaseTest BaseTest.java125 - https://qa-tekarch.firebaseapp.comis entered
20230605 12:24:08 INFO  [main] base.BaseTest BaseTest.java103 - pass:usernameEle  element cleared
20230605 12:24:09 INFO  [main] base.BaseTest BaseTest.java93 - Pass:usernameEle is entered to the username filed
20230605 12:24:09 INFO  [main] base.BaseTest BaseTest.java103 - pass:passwordEle  element cleared
20230605 12:24:09 INFO  [main] base.BaseTest BaseTest.java93 - Pass:passwordEle is entered to the username filed
20230605 12:24:14 INFO  [main] base.BaseTest BaseTest.java103 - pass:name field  element cleared
20230605 12:24:14 INFO  [main] base.BaseTest BaseTest.java93 - Pass:name field is entered to the username filed
20230605 12:24:19 INFO  [main] base.BaseTest BaseTest.java125 - https://qa-tekarch.firebaseapp.comis entered
20230605 12:24:21 INFO  [main] base.BaseTest BaseTest.java103 - pass:usernameEle  element cleared
20230605 12:24:21 INFO  [main] base.BaseTest BaseTest.java93 - Pass:usernameEle is entered to the username filed
20230605 12:24:21 INFO  [main] base.BaseTest BaseTest.java103 - pass:passwordEle  element cleared
20230605 12:24:21 INFO  [main] base.BaseTest BaseTest.java93 - Pass:passwordEle is entered to the username filed
20230605 12:24:31 INFO  [main] base.BaseTest BaseTest.java125 - https://qa-tekarch.firebaseapp.comis entered
20230605 12:24:31 INFO  [main] tests.AutomationScripts AutomationScripts.java32 - inside the login_to_firebase_testscript test method
20230605 12:39:21 INFO  [main] base.BaseTest BaseTest.java125 - https://qa-tekarch.firebaseapp.comis entered
20230605 12:39:23 INFO  [main] base.BaseTest BaseTest.java103 - pass:usernameEle  element cleared
20230605 12:39:23 INFO  [main] base.BaseTest BaseTest.java93 - Pass:usernameEle is entered to the username filed
20230605 12:39:23 INFO  [main] base.BaseTest BaseTest.java103 - pass:passwordEle  element cleared
20230605 12:39:23 INFO  [main] base.BaseTest BaseTest.java93 - Pass:passwordEle is entered to the username filed
20230605 12:39:29 INFO  [main] base.BaseTest BaseTest.java103 - pass:name field  element cleared
20230605 12:39:29 INFO  [main] base.BaseTest BaseTest.java93 - Pass:name field is entered to the username filed
20230605 12:39:33 INFO  [main] base.BaseTest BaseTest.java125 - https://qa-tekarch.firebaseapp.comis entered
20230605 12:39:35 INFO  [main] base.BaseTest BaseTest.java103 - pass:usernameEle  element cleared
20230605 12:39:35 INFO  [main] base.BaseTest BaseTest.java93 - Pass:usernameEle is entered to the username filed
20230605 12:39:35 INFO  [main] base.BaseTest BaseTest.java103 - pass:passwordEle  element cleared
20230605 12:39:35 INFO  [main] base.BaseTest BaseTest.java93 - Pass:passwordEle is entered to the username filed
20230605 12:39:44 INFO  [main] base.BaseTest BaseTest.java125 - https://qa-tekarch.firebaseapp.comis entered
20230605 12:39:44 INFO  [main] tests.AutomationScripts AutomationScripts.java32 - inside the login_to_firebase_testscript test method
20230605 12:42:27 INFO  [main] base.BaseTest BaseTest.java125 - https://qa-tekarch.firebaseapp.comis entered
20230605 12:42:29 INFO  [main] base.BaseTest BaseTest.java103 - pass:usernameEle  element cleared
20230605 12:42:29 INFO  [main] base.BaseTest BaseTest.java93 - Pass:usernameEle is entered to the username filed
20230605 12:42:29 INFO  [main] base.BaseTest BaseTest.java103 - pass:passwordEle  element cleared
20230605 12:42:29 INFO  [main] base.BaseTest BaseTest.java93 - Pass:passwordEle is entered to the username filed
20230605 12:42:34 INFO  [main] base.BaseTest BaseTest.java103 - pass:name field  element cleared
20230605 12:42:34 INFO  [main] base.BaseTest BaseTest.java93 - Pass:name field is entered to the username filed
20230605 12:42:38 INFO  [main] base.BaseTest BaseTest.java125 - https://qa-tekarch.firebaseapp.comis entered
20230605 12:42:40 INFO  [main] base.BaseTest BaseTest.java103 - pass:usernameEle  element cleared
20230605 12:42:41 INFO  [main] base.BaseTest BaseTest.java93 - Pass:usernameEle is entered to the username filed
20230605 12:42:41 INFO  [main] base.BaseTest BaseTest.java103 - pass:passwordEle  element cleared
20230605 12:42:41 INFO  [main] base.BaseTest BaseTest.java93 - Pass:passwordEle is entered to the username filed
20230605 12:42:51 INFO  [main] base.BaseTest BaseTest.java125 - https://qa-tekarch.firebaseapp.comis entered
20230605 12:42:51 INFO  [main] tests.AutomationScripts AutomationScripts.java32 - inside the login_to_firebase_testscript test method
20230605 12:42:53 INFO  [main] base.BaseTest BaseTest.java103 - pass:username  element cleared
20230605 12:42:54 INFO  [main] base.BaseTest BaseTest.java93 - Pass:username is entered to the username filed
20230605 12:42:54 INFO  [main] base.BaseTest BaseTest.java103 - pass:password  element cleared
20230605 12:42:54 INFO  [main] base.BaseTest BaseTest.java93 - Pass:password is entered to the username filed
20230605 12:42:54 INFO  [main] base.BaseTest BaseTest.java113 - pass:login button element clicked
20230606 07:16:22 INFO  [main] base.BaseTest BaseTest.java125 - https://qa-tekarch.firebaseapp.comis entered
20230606 07:16:24 INFO  [main] base.BaseTest BaseTest.java103 - pass:usernameEle  element cleared
20230606 07:16:24 INFO  [main] base.BaseTest BaseTest.java93 - Pass:usernameEle is entered to the username filed
20230606 07:16:24 INFO  [main] base.BaseTest BaseTest.java103 - pass:passwordEle  element cleared
20230606 07:16:24 INFO  [main] base.BaseTest BaseTest.java93 - Pass:passwordEle is entered to the username filed
20230606 07:16:30 INFO  [main] base.BaseTest BaseTest.java103 - pass:name field  element cleared
20230606 07:16:30 INFO  [main] base.BaseTest BaseTest.java93 - Pass:name field is entered to the username filed
20230606 07:16:37 INFO  [main] base.BaseTest BaseTest.java125 - https://qa-tekarch.firebaseapp.comis entered
20230606 07:16:38 INFO  [main] base.BaseTest BaseTest.java103 - pass:usernameEle  element cleared
20230606 07:16:38 INFO  [main] base.BaseTest BaseTest.java93 - Pass:usernameEle is entered to the username filed
20230606 07:16:38 INFO  [main] base.BaseTest BaseTest.java103 - pass:passwordEle  element cleared
20230606 07:16:38 INFO  [main] base.BaseTest BaseTest.java93 - Pass:passwordEle is entered to the username filed
20230606 07:16:50 INFO  [main] base.BaseTest BaseTest.java125 - https://qa-tekarch.firebaseapp.comis entered
20230606 07:16:50 INFO  [main] tests.AutomationScripts AutomationScripts.java32 - inside the login_to_firebase_testscript test method
20230606 07:16:52 INFO  [main] base.BaseTest BaseTest.java103 - pass:username  element cleared
20230606 07:16:52 INFO  [main] base.BaseTest BaseTest.java93 - Pass:username is entered to the username filed
20230606 07:16:52 INFO  [main] base.BaseTest BaseTest.java103 - pass:password  element cleared
20230606 07:16:52 INFO  [main] base.BaseTest BaseTest.java93 - Pass:password is entered to the username filed
20230606 07:16:52 INFO  [main] base.BaseTest BaseTest.java113 - pass:login button element clicked
20230606 07:18:03 INFO  [main] base.BaseTest BaseTest.java125 - https://qa-tekarch.firebaseapp.comis entered
20230606 07:18:05 INFO  [main] base.BaseTest BaseTest.java103 - pass:usernameEle  element cleared
20230606 07:18:05 INFO  [main] base.BaseTest BaseTest.java93 - Pass:usernameEle is entered to the username filed
20230606 07:18:05 INFO  [main] base.BaseTest BaseTest.java103 - pass:passwordEle  element cleared
20230606 07:18:05 INFO  [main] base.BaseTest BaseTest.java93 - Pass:passwordEle is entered to the username filed
20230606 07:18:10 INFO  [main] base.BaseTest BaseTest.java103 - pass:name field  element cleared
20230606 07:18:10 INFO  [main] base.BaseTest BaseTest.java93 - Pass:name field is entered to the username filed
20230606 07:18:16 INFO  [main] base.BaseTest BaseTest.java125 - https://qa-tekarch.firebaseapp.comis entered
20230606 07:18:18 INFO  [main] base.BaseTest BaseTest.java103 - pass:usernameEle  element cleared
20230606 07:18:18 INFO  [main] base.BaseTest BaseTest.java93 - Pass:usernameEle is entered to the username filed
20230606 07:18:18 INFO  [main] base.BaseTest BaseTest.java103 - pass:passwordEle  element cleared
20230606 07:18:18 INFO  [main] base.BaseTest BaseTest.java93 - Pass:passwordEle is entered to the username filed
20230606 07:18:33 INFO  [main] base.BaseTest BaseTest.java125 - https://qa-tekarch.firebaseapp.comis entered
20230606 07:18:33 INFO  [main] tests.AutomationScripts AutomationScripts.java32 - inside the login_to_firebase_testscript test method
20230606 07:18:37 INFO  [main] base.BaseTest BaseTest.java103 - pass:username  element cleared
20230606 07:18:37 INFO  [main] base.BaseTest BaseTest.java93 - Pass:username is entered to the username filed
20230606 07:18:37 INFO  [main] base.BaseTest BaseTest.java103 - pass:password  element cleared
20230606 07:18:37 INFO  [main] base.BaseTest BaseTest.java93 - Pass:password is entered to the username filed
20230606 07:18:37 INFO  [main] base.BaseTest BaseTest.java113 - pass:login button element clicked
20230606 08:03:22 INFO  [main] base.BaseTest BaseTest.java125 - https://qa-tekarch.firebaseapp.comis entered
20230606 08:03:23 INFO  [main] base.BaseTest BaseTest.java103 - pass:usernameEle  element cleared
20230606 08:03:23 INFO  [main] base.BaseTest BaseTest.java93 - Pass:usernameEle is entered to the username filed
20230606 08:03:23 INFO  [main] base.BaseTest BaseTest.java103 - pass:passwordEle  element cleared
20230606 08:03:24 INFO  [main] base.BaseTest BaseTest.java93 - Pass:passwordEle is entered to the username filed
20230606 08:03:29 INFO  [main] base.BaseTest BaseTest.java103 - pass:name field  element cleared
20230606 08:03:29 INFO  [main] base.BaseTest BaseTest.java93 - Pass:name field is entered to the username filed
20230606 08:03:36 INFO  [main] base.BaseTest BaseTest.java125 - https://qa-tekarch.firebaseapp.comis entered
20230606 08:03:38 INFO  [main] base.BaseTest BaseTest.java103 - pass:usernameEle  element cleared
20230606 08:03:38 INFO  [main] base.BaseTest BaseTest.java93 - Pass:usernameEle is entered to the username filed
20230606 08:03:38 INFO  [main] base.BaseTest BaseTest.java103 - pass:passwordEle  element cleared
20230606 08:03:38 INFO  [main] base.BaseTest BaseTest.java93 - Pass:passwordEle is entered to the username filed
20230606 08:03:50 INFO  [main] base.BaseTest BaseTest.java125 - https://qa-tekarch.firebaseapp.comis entered
20230606 08:03:50 INFO  [main] tests.AutomationScripts AutomationScripts.java32 - inside the login_to_firebase_testscript test method
20230606 08:03:50 INFO  [main] base.BaseTest BaseTest.java103 - pass:username  element cleared
20230606 08:03:51 INFO  [main] base.BaseTest BaseTest.java93 - Pass:username is entered to the username filed
20230606 08:03:51 INFO  [main] base.BaseTest BaseTest.java103 - pass:password  element cleared
20230606 08:03:51 INFO  [main] base.BaseTest BaseTest.java93 - Pass:password is entered to the username filed
20230606 08:03:51 INFO  [main] base.BaseTest BaseTest.java113 - pass:login button element clicked
20230606 10:38:16 INFO  [main] base.BaseTest BaseTest.java88 - https://qa-tekarch.firebaseapp.comis entered
20230606 10:38:17 INFO  [main] tests.AutomationScripts AutomationScripts.java34 - inside the login_to_firebase_testscript test method
20230606 10:44:51 INFO  [main] base.BaseTest BaseTest.java88 - https://qa-tekarch.firebaseapp.comis entered
20230606 10:44:51 INFO  [main] tests.AutomationScripts AutomationScripts.java34 - inside the login_to_firebase_testscript test method
20230606 10:48:27 INFO  [main] base.BaseTest BaseTest.java88 - https://qa-tekarch.firebaseapp.comis entered
20230606 10:48:27 INFO  [main] tests.AutomationScripts AutomationScripts.java34 - inside the login_to_firebase_testscript test method
20230606 10:51:11 INFO  [main] base.BaseTest BaseTest.java88 - https://qa-tekarch.firebaseapp.comis entered
20230606 10:51:11 INFO  [main] tests.AutomationScripts AutomationScripts.java34 - inside the login_to_firebase_testscript test method
20230606 10:53:35 INFO  [main] base.BaseTest BaseTest.java88 - https://qa-tekarch.firebaseapp.comis entered
20230606 10:53:35 INFO  [main] tests.AutomationScripts AutomationScripts.java34 - inside the login_to_firebase_testscript test method
20230606 10:54:04 INFO  [main] base.BaseTest BaseTest.java88 - https://qa-tekarch.firebaseapp.comis entered
20230606 10:54:04 INFO  [main] tests.AutomationScripts AutomationScripts.java34 - inside the login_to_firebase_testscript test method
20230606 10:55:38 INFO  [main] base.BaseTest BaseTest.java88 - https://qa-tekarch.firebaseapp.comis entered
20230606 10:55:38 INFO  [main] tests.AutomationScripts AutomationScripts.java34 - inside the login_to_firebase_testscript test method
20230606 10:59:28 INFO  [main] base.BaseTest BaseTest.java89 - https://qa-tekarch.firebaseapp.comis entered
20230606 10:59:28 INFO  [main] tests.AutomationScripts AutomationScripts.java34 - inside the login_to_firebase_testscript test method
20230606 11:02:52 INFO  [main] base.BaseTest BaseTest.java89 - https://qa-tekarch.firebaseapp.comis entered
20230606 11:02:52 INFO  [main] tests.AutomationScripts AutomationScripts.java34 - inside the login_to_firebase_testscript test method
20230606 11:03:44 INFO  [main] base.BaseTest BaseTest.java89 - https://qa-tekarch.firebaseapp.comis entered
20230606 11:03:44 INFO  [main] tests.AutomationScripts AutomationScripts.java34 - inside the login_to_firebase_testscript test method
20230606 11:08:35 INFO  [main] base.BasePage BasePage.java55 - pass:username field  element cleared
20230606 11:08:35 INFO  [main] base.BasePage BasePage.java45 - Pass:username field is entered to the username filed
20230606 11:08:36 INFO  [main] base.BasePage BasePage.java55 - pass:password field  element cleared
20230606 11:08:36 INFO  [main] base.BasePage BasePage.java45 - Pass:password field is entered to the username filed
20230606 11:08:36 INFO  [main] base.BasePage BasePage.java65 - pass:login button element clicked
20230606 11:08:36 INFO  [main] base.BasePage BasePage.java90 - stu regi form text web element is not displayed
20230606 11:10:05 INFO  [main] base.BasePage BasePage.java55 - pass:username field  element cleared
20230606 11:10:05 INFO  [main] base.BasePage BasePage.java45 - Pass:username field is entered to the username filed
20230606 11:10:06 INFO  [main] base.BasePage BasePage.java55 - pass:password field  element cleared
20230606 11:10:06 INFO  [main] base.BasePage BasePage.java45 - Pass:password field is entered to the username filed
20230606 11:10:06 INFO  [main] base.BasePage BasePage.java65 - pass:login button element clicked
20230614 11:11:50 INFO  [main] base.BaseTest BaseTest.java91 - https://qa-tekarch.firebaseapp.comis entered
20230614 11:11:50 INFO  [main] tests.AutomationScripts AutomationScripts.java34 - inside the login_to_firebase_testscript test method
20230614 11:12:21 INFO  [main] base.BasePage BasePage.java58 - pass:username field  element cleared
20230614 11:12:21 INFO  [main] base.BasePage BasePage.java48 - Pass:username field is entered to the username filed
20230614 11:12:22 INFO  [main] base.BasePage BasePage.java58 - pass:password field  element cleared
20230614 11:12:22 INFO  [main] base.BasePage BasePage.java48 - Pass:password field is entered to the username filed
20230614 11:12:22 INFO  [main] base.BasePage BasePage.java68 - pass:login button element clicked
20230614 11:23:00 INFO  [main] base.BaseTest BaseTest.java91 - https://qa-tekarch.firebaseapp.comis entered
20230614 11:23:00 INFO  [main] tests.AutomationScripts AutomationScripts.java34 - inside the login_to_firebase_testscript test method
20230614 11:23:30 INFO  [main] base.BasePage BasePage.java58 - pass:username field  element cleared
20230614 11:23:31 INFO  [main] base.BasePage BasePage.java48 - Pass:username field is entered to the username filed
20230614 11:23:31 INFO  [main] base.BasePage BasePage.java58 - pass:password field  element cleared
20230614 11:23:32 INFO  [main] base.BasePage BasePage.java48 - Pass:password field is entered to the username filed
20230614 11:23:32 INFO  [main] base.BasePage BasePage.java68 - pass:login button element clicked
20230615 13:34:23 INFO  [main] steps.FirebaseStepDef FirebaseStepDef.java52 - https://qa-tekarch.firebaseapp.comis entered
20230615 13:34:53 INFO  [main] base.BasePage BasePage.java58 - pass:username field  element cleared
20230615 13:34:53 INFO  [main] base.BasePage BasePage.java48 - Pass:username field is entered to the username filed
20230615 13:34:54 INFO  [main] steps.FirebaseStepDef FirebaseStepDef.java57 - current browser closed
20230615 13:37:15 INFO  [main] steps.FirebaseStepDef FirebaseStepDef.java52 - https://qa-tekarch.firebaseapp.comis entered
20230615 13:37:45 INFO  [main] base.BasePage BasePage.java58 - pass:username field  element cleared
20230615 13:37:45 INFO  [main] base.BasePage BasePage.java48 - Pass:username field is entered to the username filed
20230615 13:37:46 INFO  [main] base.BasePage BasePage.java58 - pass:password field  element cleared
20230615 13:37:46 INFO  [main] base.BasePage BasePage.java48 - Pass:password field is entered to the username filed
20230615 13:37:46 INFO  [main] base.BasePage BasePage.java68 - pass:login button element clicked
20230615 13:38:16 INFO  [main] steps.FirebaseStepDef FirebaseStepDef.java57 - current browser closed
20230615 13:39:53 INFO  [main] steps.FirebaseStepDef FirebaseStepDef.java52 - https://qa-tekarch.firebaseapp.comis entered
20230615 13:40:23 INFO  [main] base.BasePage BasePage.java58 - pass:username field  element cleared
20230615 13:40:23 INFO  [main] base.BasePage BasePage.java48 - Pass:username field is entered to the username filed
20230615 13:40:23 INFO  [main] base.BasePage BasePage.java58 - pass:password field  element cleared
20230615 13:40:23 INFO  [main] base.BasePage BasePage.java48 - Pass:password field is entered to the username filed
20230615 13:40:23 INFO  [main] base.BasePage BasePage.java68 - pass:login button element clicked
20230615 13:40:54 INFO  [main] steps.FirebaseStepDef FirebaseStepDef.java57 - current browser closed
20230616 10:42:17 INFO  [main] steps.FirebaseStepDef FirebaseStepDef.java52 - https://qa-tekarch.firebaseapp.comis entered
20230616 10:42:48 INFO  [main] base.BasePage BasePage.java57 - pass:username field  element cleared
20230616 10:42:48 INFO  [main] base.BasePage BasePage.java47 - Pass:username field is entered to the username filed
20230616 10:42:48 INFO  [main] base.BasePage BasePage.java57 - pass:password field  element cleared
20230616 10:42:48 INFO  [main] base.BasePage BasePage.java47 - Pass:password field is entered to the username filed
20230616 10:42:48 INFO  [main] base.BasePage BasePage.java67 - pass:login button element clicked
20230616 10:43:19 INFO  [main] steps.FirebaseStepDef FirebaseStepDef.java57 - current browser closed
20231101 10:49:38 DEBUG [main] logging.InternalLoggerFactory InternalLoggerFactory.java76 - Using Log4J2 as the default logging framework
20231101 10:49:39 DEBUG [main] util.ResourceLeakDetector ResourceLeakDetector.java129 - -Dio.netty.leakDetection.level: simple
20231101 10:49:39 DEBUG [main] util.ResourceLeakDetector ResourceLeakDetector.java130 - -Dio.netty.leakDetection.targetRecords: 4
20231101 10:49:39 DEBUG [main] util.ResourceLeakDetectorFactory$DefaultResourceLeakDetectorFactory ResourceLeakDetectorFactory.java196 - Loaded default ResourceLeakDetector: io.netty.util.ResourceLeakDetector@1eea9d2d
20231101 10:49:39 DEBUG [main] internal.PlatformDependent0 PlatformDependent0.java497 - -Dio.netty.noUnsafe: false
20231101 10:49:39 DEBUG [main] internal.PlatformDependent0 PlatformDependent0.java1001 - Java version: 17
20231101 10:49:39 DEBUG [main] internal.PlatformDependent0 PlatformDependent0.java137 - sun.misc.Unsafe.theUnsafe: available
20231101 10:49:39 DEBUG [main] internal.PlatformDependent0 PlatformDependent0.java161 - sun.misc.Unsafe.copyMemory: available
20231101 10:49:39 DEBUG [main] internal.PlatformDependent0 PlatformDependent0.java193 - sun.misc.Unsafe.storeFence: available
20231101 10:49:39 DEBUG [main] internal.PlatformDependent0 PlatformDependent0.java236 - java.nio.Buffer.address: available
20231101 10:49:39 DEBUG [main] internal.PlatformDependent0 PlatformDependent0.java321 - direct buffer constructor: unavailable: Reflective setAccessible(true) disabled
20231101 10:49:39 DEBUG [main] internal.PlatformDependent0 PlatformDependent0.java386 - java.nio.Bits.unaligned: available, true
20231101 10:49:39 DEBUG [main] internal.PlatformDependent0 PlatformDependent0.java453 - jdk.internal.misc.Unsafe.allocateUninitializedArray(int): unavailable: class io.netty.util.internal.PlatformDependent0$7 cannot access class jdk.internal.misc.Unsafe (in module java.base) because module java.base does not export jdk.internal.misc to unnamed module @7a52f2a2
20231101 10:49:39 DEBUG [main] internal.PlatformDependent0 PlatformDependent0.java483 - java.nio.DirectByteBuffer.<init>(long, {int,long}): unavailable
20231101 10:49:39 DEBUG [main] internal.PlatformDependent PlatformDependent.java1159 - sun.misc.Unsafe: available
20231101 10:49:39 DEBUG [main] internal.PlatformDependent PlatformDependent.java1270 - maxDirectMemory: 2126512128 bytes (maybe)
20231101 10:49:39 DEBUG [main] internal.PlatformDependent PlatformDependent.java1289 - -Dio.netty.tmpdir: C:\Users\keert\AppData\Local\Temp (java.io.tmpdir)
20231101 10:49:39 DEBUG [main] internal.PlatformDependent PlatformDependent.java1368 - -Dio.netty.bitMode: 64 (sun.arch.data.model)
20231101 10:49:39 DEBUG [main] internal.PlatformDependent PlatformDependent.java1119 - Platform: Windows
20231101 10:49:39 DEBUG [main] internal.PlatformDependent PlatformDependent.java178 - -Dio.netty.maxDirectMemory: -1 bytes
20231101 10:49:39 DEBUG [main] internal.PlatformDependent PlatformDependent.java185 - -Dio.netty.uninitializedArrayAllocationThreshold: -1
20231101 10:49:39 DEBUG [main] internal.CleanerJava9 CleanerJava9.java71 - java.nio.ByteBuffer.cleaner(): available
20231101 10:49:39 DEBUG [main] internal.PlatformDependent PlatformDependent.java205 - -Dio.netty.noPreferDirect: false
20231101 10:49:39 DEBUG [main] internal.PlatformDependent$Mpsc PlatformDependent.java1010 - org.jctools-core.MpscChunkedArrayQueue: available
20231101 10:49:39 DEBUG [main] internal.InternalThreadLocalMap InternalThreadLocalMap.java100 - -Dio.netty.threadLocalMap.stringBuilder.initialSize: 1024
20231101 10:49:39 DEBUG [main] internal.InternalThreadLocalMap InternalThreadLocalMap.java101 - -Dio.netty.threadLocalMap.stringBuilder.maxSize: 4096
20231101 10:49:40 DEBUG [main] ssl.JdkSslContext JdkSslContext.java83 - Default protocols (JDK): [TLSv1.3, TLSv1.2] 
20231101 10:49:40 DEBUG [main] ssl.JdkSslContext JdkSslContext.java84 - Default cipher suites (JDK): [TLS_ECDHE_ECDSA_WITH_AES_256_GCM_SHA384, TLS_ECDHE_ECDSA_WITH_AES_128_GCM_SHA256, TLS_ECDHE_RSA_WITH_AES_128_GCM_SHA256, TLS_ECDHE_RSA_WITH_AES_256_GCM_SHA384, TLS_ECDHE_RSA_WITH_AES_128_CBC_SHA, TLS_ECDHE_RSA_WITH_AES_256_CBC_SHA, TLS_RSA_WITH_AES_128_GCM_SHA256, TLS_RSA_WITH_AES_128_CBC_SHA, TLS_RSA_WITH_AES_256_CBC_SHA, TLS_AES_128_GCM_SHA256, TLS_AES_256_GCM_SHA384]
20231101 10:49:40 DEBUG [main] concurrent.GlobalEventExecutor GlobalEventExecutor.java53 - -Dio.netty.globalEventExecutor.quietPeriodSeconds: 1
20231101 10:49:40 DEBUG [main] channel.MultithreadEventLoopGroup MultithreadEventLoopGroup.java44 - -Dio.netty.eventLoopThreads: 8
20231101 10:49:40 DEBUG [main] nio.NioEventLoop NioEventLoop.java110 - -Dio.netty.noKeySetOptimization: false
20231101 10:49:40 DEBUG [main] nio.NioEventLoop NioEventLoop.java111 - -Dio.netty.selectorAutoRebuildThreshold: 512
20231101 10:49:40 DEBUG [main] buffer.PooledByteBufAllocator PooledByteBufAllocator.java157 - -Dio.netty.allocator.numHeapArenas: 8
20231101 10:49:40 DEBUG [main] buffer.PooledByteBufAllocator PooledByteBufAllocator.java158 - -Dio.netty.allocator.numDirectArenas: 8
20231101 10:49:40 DEBUG [main] buffer.PooledByteBufAllocator PooledByteBufAllocator.java160 - -Dio.netty.allocator.pageSize: 8192
20231101 10:49:40 DEBUG [main] buffer.PooledByteBufAllocator PooledByteBufAllocator.java165 - -Dio.netty.allocator.maxOrder: 9
20231101 10:49:40 DEBUG [main] buffer.PooledByteBufAllocator PooledByteBufAllocator.java169 - -Dio.netty.allocator.chunkSize: 4194304
20231101 10:49:40 DEBUG [main] buffer.PooledByteBufAllocator PooledByteBufAllocator.java170 - -Dio.netty.allocator.smallCacheSize: 256
20231101 10:49:40 DEBUG [main] buffer.PooledByteBufAllocator PooledByteBufAllocator.java171 - -Dio.netty.allocator.normalCacheSize: 64
20231101 10:49:40 DEBUG [main] buffer.PooledByteBufAllocator PooledByteBufAllocator.java172 - -Dio.netty.allocator.maxCachedBufferCapacity: 32768
20231101 10:49:40 DEBUG [main] buffer.PooledByteBufAllocator PooledByteBufAllocator.java173 - -Dio.netty.allocator.cacheTrimInterval: 8192
20231101 10:49:40 DEBUG [main] buffer.PooledByteBufAllocator PooledByteBufAllocator.java174 - -Dio.netty.allocator.cacheTrimIntervalMillis: 0
20231101 10:49:40 DEBUG [main] buffer.PooledByteBufAllocator PooledByteBufAllocator.java175 - -Dio.netty.allocator.useCacheForAllThreads: false
20231101 10:49:40 DEBUG [main] buffer.PooledByteBufAllocator PooledByteBufAllocator.java176 - -Dio.netty.allocator.maxCachedByteBuffersPerChunk: 1023
20231101 10:49:40 DEBUG [main] buffer.ByteBufUtil ByteBufUtil.java89 - -Dio.netty.allocator.type: pooled
20231101 10:49:40 DEBUG [main] buffer.ByteBufUtil ByteBufUtil.java98 - -Dio.netty.threadLocalDirectBufferSize: 0
20231101 10:49:40 DEBUG [main] buffer.ByteBufUtil ByteBufUtil.java101 - -Dio.netty.maxThreadLocalCharBufferSize: 16384
20231101 10:49:43 DEBUG [Forwarding newSession on session null to remote] channel.DefaultChannelId DefaultChannelId.java79 - -Dio.netty.processId: 7828 (auto-detected)
20231101 10:49:43 DEBUG [Forwarding newSession on session null to remote] util.NetUtil NetUtil.java148 - -Djava.net.preferIPv4Stack: false
20231101 10:49:43 DEBUG [Forwarding newSession on session null to remote] util.NetUtil NetUtil.java149 - -Djava.net.preferIPv6Addresses: false
20231101 10:49:43 DEBUG [Forwarding newSession on session null to remote] util.NetUtilInitializations NetUtilInitializations.java145 - Loopback interface: lo (Software Loopback Interface 1, 127.0.0.1)
20231101 10:49:43 DEBUG [Forwarding newSession on session null to remote] util.NetUtil$SoMaxConnAction NetUtil.java206 - Failed to get SOMAXCONN from sysctl and file \proc\sys\net\core\somaxconn. Default: 200
20231101 10:49:43 DEBUG [Forwarding newSession on session null to remote] channel.DefaultChannelId DefaultChannelId.java101 - -Dio.netty.machineId: 60:57:18:ff:fe:d7:40:74 (auto-detected)
20231101 10:49:44 DEBUG [AsyncHttpClient-1-2] buffer.AbstractByteBuf AbstractByteBuf.java63 - -Dio.netty.buffer.checkAccessible: true
20231101 10:49:44 DEBUG [AsyncHttpClient-1-2] buffer.AbstractByteBuf AbstractByteBuf.java64 - -Dio.netty.buffer.checkBounds: true
20231101 10:49:44 DEBUG [AsyncHttpClient-1-2] util.ResourceLeakDetectorFactory$DefaultResourceLeakDetectorFactory ResourceLeakDetectorFactory.java196 - Loaded default ResourceLeakDetector: io.netty.util.ResourceLeakDetector@613ed195
20231101 10:49:44 DEBUG [AsyncHttpClient-1-2] util.Recycler Recycler.java96 - -Dio.netty.recycler.maxCapacityPerThread: 4096
20231101 10:49:44 DEBUG [AsyncHttpClient-1-2] util.Recycler Recycler.java97 - -Dio.netty.recycler.ratio: 8
20231101 10:49:44 DEBUG [AsyncHttpClient-1-2] util.Recycler Recycler.java98 - -Dio.netty.recycler.chunkSize: 32
20231101 10:49:44 DEBUG [AsyncHttpClient-1-2] util.Recycler Recycler.java99 - -Dio.netty.recycler.blocking: false
20231101 10:49:44 DEBUG [AsyncHttpClient-1-2] util.Recycler Recycler.java100 - -Dio.netty.recycler.batchFastThreadLocalOnly: true
20231101 10:49:52 DEBUG [AsyncHttpClient-1-2] compression.Brotli Brotli.java38 - brotli4j not in the classpath; Brotli support will be unavailable.
20231101 10:49:54 DEBUG [main] internal.ThreadLocalRandom ThreadLocalRandom.java214 - -Dio.netty.initialSeedUniquifier: 0x7d7e2a130fffee37
20231101 10:49:59 INFO  [main] steps.FirebaseStepDef FirebaseStepDef.java52 - https://qa-tekarch.firebaseapp.comis entered
20231101 10:50:00 INFO  [main] base.BasePage BasePage.java57 - pass:username field  element cleared
20231101 10:50:00 INFO  [main] base.BasePage BasePage.java47 - Pass:username field is entered to the username filed
20231101 10:50:01 INFO  [main] base.BasePage BasePage.java57 - pass:password field  element cleared
20231101 10:50:01 INFO  [main] base.BasePage BasePage.java47 - Pass:password field is entered to the username filed
20231101 10:50:01 INFO  [main] base.BasePage BasePage.java67 - pass:login button element clicked
20231101 10:50:36 INFO  [main] steps.FirebaseStepDef FirebaseStepDef.java57 - current browser closed
20231101 11:20:42 DEBUG [main] logging.InternalLoggerFactory InternalLoggerFactory.java76 - Using Log4J2 as the default logging framework
20231101 11:20:42 DEBUG [main] util.ResourceLeakDetector ResourceLeakDetector.java129 - -Dio.netty.leakDetection.level: simple
20231101 11:20:42 DEBUG [main] util.ResourceLeakDetector ResourceLeakDetector.java130 - -Dio.netty.leakDetection.targetRecords: 4
20231101 11:20:42 DEBUG [main] util.ResourceLeakDetectorFactory$DefaultResourceLeakDetectorFactory ResourceLeakDetectorFactory.java196 - Loaded default ResourceLeakDetector: io.netty.util.ResourceLeakDetector@c6da8bb
20231101 11:20:43 DEBUG [main] internal.PlatformDependent0 PlatformDependent0.java497 - -Dio.netty.noUnsafe: false
20231101 11:20:43 DEBUG [main] internal.PlatformDependent0 PlatformDependent0.java1001 - Java version: 17
20231101 11:20:43 DEBUG [main] internal.PlatformDependent0 PlatformDependent0.java137 - sun.misc.Unsafe.theUnsafe: available
20231101 11:20:43 DEBUG [main] internal.PlatformDependent0 PlatformDependent0.java161 - sun.misc.Unsafe.copyMemory: available
20231101 11:20:43 DEBUG [main] internal.PlatformDependent0 PlatformDependent0.java193 - sun.misc.Unsafe.storeFence: available
20231101 11:20:43 DEBUG [main] internal.PlatformDependent0 PlatformDependent0.java236 - java.nio.Buffer.address: available
20231101 11:20:43 DEBUG [main] internal.PlatformDependent0 PlatformDependent0.java321 - direct buffer constructor: unavailable: Reflective setAccessible(true) disabled
20231101 11:20:43 DEBUG [main] internal.PlatformDependent0 PlatformDependent0.java386 - java.nio.Bits.unaligned: available, true
20231101 11:20:43 DEBUG [main] internal.PlatformDependent0 PlatformDependent0.java453 - jdk.internal.misc.Unsafe.allocateUninitializedArray(int): unavailable: class io.netty.util.internal.PlatformDependent0$7 cannot access class jdk.internal.misc.Unsafe (in module java.base) because module java.base does not export jdk.internal.misc to unnamed module @d83da2e
20231101 11:20:43 DEBUG [main] internal.PlatformDependent0 PlatformDependent0.java483 - java.nio.DirectByteBuffer.<init>(long, {int,long}): unavailable
20231101 11:20:43 DEBUG [main] internal.PlatformDependent PlatformDependent.java1159 - sun.misc.Unsafe: available
20231101 11:20:43 DEBUG [main] internal.PlatformDependent PlatformDependent.java1270 - maxDirectMemory: 2126512128 bytes (maybe)
20231101 11:20:43 DEBUG [main] internal.PlatformDependent PlatformDependent.java1289 - -Dio.netty.tmpdir: C:\Users\keert\AppData\Local\Temp (java.io.tmpdir)
20231101 11:20:43 DEBUG [main] internal.PlatformDependent PlatformDependent.java1368 - -Dio.netty.bitMode: 64 (sun.arch.data.model)
20231101 11:20:43 DEBUG [main] internal.PlatformDependent PlatformDependent.java1119 - Platform: Windows
20231101 11:20:43 DEBUG [main] internal.PlatformDependent PlatformDependent.java178 - -Dio.netty.maxDirectMemory: -1 bytes
20231101 11:20:43 DEBUG [main] internal.PlatformDependent PlatformDependent.java185 - -Dio.netty.uninitializedArrayAllocationThreshold: -1
20231101 11:20:43 DEBUG [main] internal.CleanerJava9 CleanerJava9.java71 - java.nio.ByteBuffer.cleaner(): available
20231101 11:20:43 DEBUG [main] internal.PlatformDependent PlatformDependent.java205 - -Dio.netty.noPreferDirect: false
20231101 11:20:43 DEBUG [main] internal.PlatformDependent$Mpsc PlatformDependent.java1010 - org.jctools-core.MpscChunkedArrayQueue: available
20231101 11:20:43 DEBUG [main] internal.InternalThreadLocalMap InternalThreadLocalMap.java100 - -Dio.netty.threadLocalMap.stringBuilder.initialSize: 1024
20231101 11:20:43 DEBUG [main] internal.InternalThreadLocalMap InternalThreadLocalMap.java101 - -Dio.netty.threadLocalMap.stringBuilder.maxSize: 4096
20231101 11:20:43 DEBUG [main] ssl.JdkSslContext JdkSslContext.java83 - Default protocols (JDK): [TLSv1.3, TLSv1.2] 
20231101 11:20:44 DEBUG [main] ssl.JdkSslContext JdkSslContext.java84 - Default cipher suites (JDK): [TLS_ECDHE_ECDSA_WITH_AES_256_GCM_SHA384, TLS_ECDHE_ECDSA_WITH_AES_128_GCM_SHA256, TLS_ECDHE_RSA_WITH_AES_128_GCM_SHA256, TLS_ECDHE_RSA_WITH_AES_256_GCM_SHA384, TLS_ECDHE_RSA_WITH_AES_128_CBC_SHA, TLS_ECDHE_RSA_WITH_AES_256_CBC_SHA, TLS_RSA_WITH_AES_128_GCM_SHA256, TLS_RSA_WITH_AES_128_CBC_SHA, TLS_RSA_WITH_AES_256_CBC_SHA, TLS_AES_128_GCM_SHA256, TLS_AES_256_GCM_SHA384]
20231101 11:20:44 DEBUG [main] concurrent.GlobalEventExecutor GlobalEventExecutor.java53 - -Dio.netty.globalEventExecutor.quietPeriodSeconds: 1
20231101 11:20:44 DEBUG [main] channel.MultithreadEventLoopGroup MultithreadEventLoopGroup.java44 - -Dio.netty.eventLoopThreads: 8
20231101 11:20:44 DEBUG [main] nio.NioEventLoop NioEventLoop.java110 - -Dio.netty.noKeySetOptimization: false
20231101 11:20:44 DEBUG [main] nio.NioEventLoop NioEventLoop.java111 - -Dio.netty.selectorAutoRebuildThreshold: 512
20231101 11:20:44 DEBUG [main] buffer.PooledByteBufAllocator PooledByteBufAllocator.java157 - -Dio.netty.allocator.numHeapArenas: 8
20231101 11:20:44 DEBUG [main] buffer.PooledByteBufAllocator PooledByteBufAllocator.java158 - -Dio.netty.allocator.numDirectArenas: 8
20231101 11:20:44 DEBUG [main] buffer.PooledByteBufAllocator PooledByteBufAllocator.java160 - -Dio.netty.allocator.pageSize: 8192
20231101 11:20:44 DEBUG [main] buffer.PooledByteBufAllocator PooledByteBufAllocator.java165 - -Dio.netty.allocator.maxOrder: 9
20231101 11:20:44 DEBUG [main] buffer.PooledByteBufAllocator PooledByteBufAllocator.java169 - -Dio.netty.allocator.chunkSize: 4194304
20231101 11:20:44 DEBUG [main] buffer.PooledByteBufAllocator PooledByteBufAllocator.java170 - -Dio.netty.allocator.smallCacheSize: 256
20231101 11:20:44 DEBUG [main] buffer.PooledByteBufAllocator PooledByteBufAllocator.java171 - -Dio.netty.allocator.normalCacheSize: 64
20231101 11:20:44 DEBUG [main] buffer.PooledByteBufAllocator PooledByteBufAllocator.java172 - -Dio.netty.allocator.maxCachedBufferCapacity: 32768
20231101 11:20:44 DEBUG [main] buffer.PooledByteBufAllocator PooledByteBufAllocator.java173 - -Dio.netty.allocator.cacheTrimInterval: 8192
20231101 11:20:44 DEBUG [main] buffer.PooledByteBufAllocator PooledByteBufAllocator.java174 - -Dio.netty.allocator.cacheTrimIntervalMillis: 0
20231101 11:20:44 DEBUG [main] buffer.PooledByteBufAllocator PooledByteBufAllocator.java175 - -Dio.netty.allocator.useCacheForAllThreads: false
20231101 11:20:44 DEBUG [main] buffer.PooledByteBufAllocator PooledByteBufAllocator.java176 - -Dio.netty.allocator.maxCachedByteBuffersPerChunk: 1023
20231101 11:20:44 DEBUG [main] buffer.ByteBufUtil ByteBufUtil.java89 - -Dio.netty.allocator.type: pooled
20231101 11:20:44 DEBUG [main] buffer.ByteBufUtil ByteBufUtil.java98 - -Dio.netty.threadLocalDirectBufferSize: 0
20231101 11:20:44 DEBUG [main] buffer.ByteBufUtil ByteBufUtil.java101 - -Dio.netty.maxThreadLocalCharBufferSize: 16384
20231101 11:20:46 DEBUG [Forwarding newSession on session null to remote] channel.DefaultChannelId DefaultChannelId.java79 - -Dio.netty.processId: 17152 (auto-detected)
20231101 11:20:46 DEBUG [Forwarding newSession on session null to remote] util.NetUtil NetUtil.java148 - -Djava.net.preferIPv4Stack: false
20231101 11:20:46 DEBUG [Forwarding newSession on session null to remote] util.NetUtil NetUtil.java149 - -Djava.net.preferIPv6Addresses: false
20231101 11:20:46 DEBUG [Forwarding newSession on session null to remote] util.NetUtilInitializations NetUtilInitializations.java145 - Loopback interface: lo (Software Loopback Interface 1, 127.0.0.1)
20231101 11:20:46 DEBUG [Forwarding newSession on session null to remote] util.NetUtil$SoMaxConnAction NetUtil.java206 - Failed to get SOMAXCONN from sysctl and file \proc\sys\net\core\somaxconn. Default: 200
20231101 11:20:46 DEBUG [Forwarding newSession on session null to remote] channel.DefaultChannelId DefaultChannelId.java101 - -Dio.netty.machineId: 60:57:18:ff:fe:d7:40:74 (auto-detected)
20231101 11:20:47 DEBUG [AsyncHttpClient-1-2] buffer.AbstractByteBuf AbstractByteBuf.java63 - -Dio.netty.buffer.checkAccessible: true
20231101 11:20:47 DEBUG [AsyncHttpClient-1-2] buffer.AbstractByteBuf AbstractByteBuf.java64 - -Dio.netty.buffer.checkBounds: true
20231101 11:20:47 DEBUG [AsyncHttpClient-1-2] util.ResourceLeakDetectorFactory$DefaultResourceLeakDetectorFactory ResourceLeakDetectorFactory.java196 - Loaded default ResourceLeakDetector: io.netty.util.ResourceLeakDetector@3b780270
20231101 11:20:47 DEBUG [AsyncHttpClient-1-2] util.Recycler Recycler.java96 - -Dio.netty.recycler.maxCapacityPerThread: 4096
20231101 11:20:47 DEBUG [AsyncHttpClient-1-2] util.Recycler Recycler.java97 - -Dio.netty.recycler.ratio: 8
20231101 11:20:47 DEBUG [AsyncHttpClient-1-2] util.Recycler Recycler.java98 - -Dio.netty.recycler.chunkSize: 32
20231101 11:20:47 DEBUG [AsyncHttpClient-1-2] util.Recycler Recycler.java99 - -Dio.netty.recycler.blocking: false
20231101 11:20:47 DEBUG [AsyncHttpClient-1-2] util.Recycler Recycler.java100 - -Dio.netty.recycler.batchFastThreadLocalOnly: true
20231101 11:20:50 DEBUG [AsyncHttpClient-1-2] compression.Brotli Brotli.java38 - brotli4j not in the classpath; Brotli support will be unavailable.
20231101 11:20:51 DEBUG [main] internal.ThreadLocalRandom ThreadLocalRandom.java214 - -Dio.netty.initialSeedUniquifier: 0xc535b15bd562ccb4
20231101 11:20:53 INFO  [main] steps.FirebaseStepDef FirebaseStepDef.java52 - https://qa-tekarch.firebaseapp.comis entered
20231101 11:21:26 INFO  [main] base.BasePage BasePage.java57 - pass:username field  element cleared
20231101 11:21:26 INFO  [main] base.BasePage BasePage.java47 - Pass:username field is entered to the username filed
20231101 11:21:27 INFO  [main] base.BasePage BasePage.java57 - pass:password field  element cleared
20231101 11:21:27 INFO  [main] base.BasePage BasePage.java47 - Pass:password field is entered to the username filed
20231101 11:21:28 INFO  [main] base.BasePage BasePage.java67 - pass:login button element clicked
20231101 11:21:58 INFO  [main] steps.FirebaseStepDef FirebaseStepDef.java57 - current browser closed
20231101 11:41:11 DEBUG [main] logging.InternalLoggerFactory InternalLoggerFactory.java76 - Using Log4J2 as the default logging framework
20231101 11:41:11 DEBUG [main] util.ResourceLeakDetector ResourceLeakDetector.java129 - -Dio.netty.leakDetection.level: simple
20231101 11:41:11 DEBUG [main] util.ResourceLeakDetector ResourceLeakDetector.java130 - -Dio.netty.leakDetection.targetRecords: 4
20231101 11:41:11 DEBUG [main] util.ResourceLeakDetectorFactory$DefaultResourceLeakDetectorFactory ResourceLeakDetectorFactory.java196 - Loaded default ResourceLeakDetector: io.netty.util.ResourceLeakDetector@3402b4c9
20231101 11:41:11 DEBUG [main] internal.PlatformDependent0 PlatformDependent0.java497 - -Dio.netty.noUnsafe: false
20231101 11:41:11 DEBUG [main] internal.PlatformDependent0 PlatformDependent0.java1001 - Java version: 17
20231101 11:41:11 DEBUG [main] internal.PlatformDependent0 PlatformDependent0.java137 - sun.misc.Unsafe.theUnsafe: available
20231101 11:41:11 DEBUG [main] internal.PlatformDependent0 PlatformDependent0.java161 - sun.misc.Unsafe.copyMemory: available
20231101 11:41:11 DEBUG [main] internal.PlatformDependent0 PlatformDependent0.java193 - sun.misc.Unsafe.storeFence: available
20231101 11:41:11 DEBUG [main] internal.PlatformDependent0 PlatformDependent0.java236 - java.nio.Buffer.address: available
20231101 11:41:11 DEBUG [main] internal.PlatformDependent0 PlatformDependent0.java321 - direct buffer constructor: unavailable: Reflective setAccessible(true) disabled
20231101 11:41:11 DEBUG [main] internal.PlatformDependent0 PlatformDependent0.java386 - java.nio.Bits.unaligned: available, true
20231101 11:41:11 DEBUG [main] internal.PlatformDependent0 PlatformDependent0.java453 - jdk.internal.misc.Unsafe.allocateUninitializedArray(int): unavailable: class io.netty.util.internal.PlatformDependent0$7 cannot access class jdk.internal.misc.Unsafe (in module java.base) because module java.base does not export jdk.internal.misc to unnamed module @11dc3715
20231101 11:41:11 DEBUG [main] internal.PlatformDependent0 PlatformDependent0.java483 - java.nio.DirectByteBuffer.<init>(long, {int,long}): unavailable
20231101 11:41:11 DEBUG [main] internal.PlatformDependent PlatformDependent.java1159 - sun.misc.Unsafe: available
20231101 11:41:11 DEBUG [main] internal.PlatformDependent PlatformDependent.java1270 - maxDirectMemory: 2126512128 bytes (maybe)
20231101 11:41:11 DEBUG [main] internal.PlatformDependent PlatformDependent.java1289 - -Dio.netty.tmpdir: C:\Users\keert\AppData\Local\Temp (java.io.tmpdir)
20231101 11:41:11 DEBUG [main] internal.PlatformDependent PlatformDependent.java1368 - -Dio.netty.bitMode: 64 (sun.arch.data.model)
20231101 11:41:11 DEBUG [main] internal.PlatformDependent PlatformDependent.java1119 - Platform: Windows
20231101 11:41:11 DEBUG [main] internal.PlatformDependent PlatformDependent.java178 - -Dio.netty.maxDirectMemory: -1 bytes
20231101 11:41:11 DEBUG [main] internal.PlatformDependent PlatformDependent.java185 - -Dio.netty.uninitializedArrayAllocationThreshold: -1
20231101 11:41:11 DEBUG [main] internal.CleanerJava9 CleanerJava9.java71 - java.nio.ByteBuffer.cleaner(): available
20231101 11:41:11 DEBUG [main] internal.PlatformDependent PlatformDependent.java205 - -Dio.netty.noPreferDirect: false
20231101 11:41:11 DEBUG [main] internal.PlatformDependent$Mpsc PlatformDependent.java1010 - org.jctools-core.MpscChunkedArrayQueue: available
20231101 11:41:11 DEBUG [main] internal.InternalThreadLocalMap InternalThreadLocalMap.java100 - -Dio.netty.threadLocalMap.stringBuilder.initialSize: 1024
20231101 11:41:11 DEBUG [main] internal.InternalThreadLocalMap InternalThreadLocalMap.java101 - -Dio.netty.threadLocalMap.stringBuilder.maxSize: 4096
20231101 11:41:12 DEBUG [main] ssl.JdkSslContext JdkSslContext.java83 - Default protocols (JDK): [TLSv1.3, TLSv1.2] 
20231101 11:41:12 DEBUG [main] ssl.JdkSslContext JdkSslContext.java84 - Default cipher suites (JDK): [TLS_ECDHE_ECDSA_WITH_AES_256_GCM_SHA384, TLS_ECDHE_ECDSA_WITH_AES_128_GCM_SHA256, TLS_ECDHE_RSA_WITH_AES_128_GCM_SHA256, TLS_ECDHE_RSA_WITH_AES_256_GCM_SHA384, TLS_ECDHE_RSA_WITH_AES_128_CBC_SHA, TLS_ECDHE_RSA_WITH_AES_256_CBC_SHA, TLS_RSA_WITH_AES_128_GCM_SHA256, TLS_RSA_WITH_AES_128_CBC_SHA, TLS_RSA_WITH_AES_256_CBC_SHA, TLS_AES_128_GCM_SHA256, TLS_AES_256_GCM_SHA384]
20231101 11:41:12 DEBUG [main] concurrent.GlobalEventExecutor GlobalEventExecutor.java53 - -Dio.netty.globalEventExecutor.quietPeriodSeconds: 1
20231101 11:41:12 DEBUG [main] channel.MultithreadEventLoopGroup MultithreadEventLoopGroup.java44 - -Dio.netty.eventLoopThreads: 8
20231101 11:41:12 DEBUG [main] nio.NioEventLoop NioEventLoop.java110 - -Dio.netty.noKeySetOptimization: false
20231101 11:41:12 DEBUG [main] nio.NioEventLoop NioEventLoop.java111 - -Dio.netty.selectorAutoRebuildThreshold: 512
20231101 11:41:12 DEBUG [main] buffer.PooledByteBufAllocator PooledByteBufAllocator.java157 - -Dio.netty.allocator.numHeapArenas: 8
20231101 11:41:12 DEBUG [main] buffer.PooledByteBufAllocator PooledByteBufAllocator.java158 - -Dio.netty.allocator.numDirectArenas: 8
20231101 11:41:12 DEBUG [main] buffer.PooledByteBufAllocator PooledByteBufAllocator.java160 - -Dio.netty.allocator.pageSize: 8192
20231101 11:41:12 DEBUG [main] buffer.PooledByteBufAllocator PooledByteBufAllocator.java165 - -Dio.netty.allocator.maxOrder: 9
20231101 11:41:12 DEBUG [main] buffer.PooledByteBufAllocator PooledByteBufAllocator.java169 - -Dio.netty.allocator.chunkSize: 4194304
20231101 11:41:12 DEBUG [main] buffer.PooledByteBufAllocator PooledByteBufAllocator.java170 - -Dio.netty.allocator.smallCacheSize: 256
20231101 11:41:12 DEBUG [main] buffer.PooledByteBufAllocator PooledByteBufAllocator.java171 - -Dio.netty.allocator.normalCacheSize: 64
20231101 11:41:12 DEBUG [main] buffer.PooledByteBufAllocator PooledByteBufAllocator.java172 - -Dio.netty.allocator.maxCachedBufferCapacity: 32768
20231101 11:41:12 DEBUG [main] buffer.PooledByteBufAllocator PooledByteBufAllocator.java173 - -Dio.netty.allocator.cacheTrimInterval: 8192
20231101 11:41:12 DEBUG [main] buffer.PooledByteBufAllocator PooledByteBufAllocator.java174 - -Dio.netty.allocator.cacheTrimIntervalMillis: 0
20231101 11:41:12 DEBUG [main] buffer.PooledByteBufAllocator PooledByteBufAllocator.java175 - -Dio.netty.allocator.useCacheForAllThreads: false
20231101 11:41:12 DEBUG [main] buffer.PooledByteBufAllocator PooledByteBufAllocator.java176 - -Dio.netty.allocator.maxCachedByteBuffersPerChunk: 1023
20231101 11:41:12 DEBUG [main] buffer.ByteBufUtil ByteBufUtil.java89 - -Dio.netty.allocator.type: pooled
20231101 11:41:12 DEBUG [main] buffer.ByteBufUtil ByteBufUtil.java98 - -Dio.netty.threadLocalDirectBufferSize: 0
20231101 11:41:12 DEBUG [main] buffer.ByteBufUtil ByteBufUtil.java101 - -Dio.netty.maxThreadLocalCharBufferSize: 16384
20231101 11:41:14 DEBUG [Forwarding newSession on session null to remote] channel.DefaultChannelId DefaultChannelId.java79 - -Dio.netty.processId: 1180 (auto-detected)
20231101 11:41:14 DEBUG [Forwarding newSession on session null to remote] util.NetUtil NetUtil.java148 - -Djava.net.preferIPv4Stack: false
20231101 11:41:14 DEBUG [Forwarding newSession on session null to remote] util.NetUtil NetUtil.java149 - -Djava.net.preferIPv6Addresses: false
20231101 11:41:14 DEBUG [Forwarding newSession on session null to remote] util.NetUtilInitializations NetUtilInitializations.java145 - Loopback interface: lo (Software Loopback Interface 1, 127.0.0.1)
20231101 11:41:14 DEBUG [Forwarding newSession on session null to remote] util.NetUtil$SoMaxConnAction NetUtil.java206 - Failed to get SOMAXCONN from sysctl and file \proc\sys\net\core\somaxconn. Default: 200
20231101 11:41:14 DEBUG [Forwarding newSession on session null to remote] channel.DefaultChannelId DefaultChannelId.java101 - -Dio.netty.machineId: 60:57:18:ff:fe:d7:40:74 (auto-detected)
20231101 11:41:15 DEBUG [AsyncHttpClient-1-2] buffer.AbstractByteBuf AbstractByteBuf.java63 - -Dio.netty.buffer.checkAccessible: true
20231101 11:41:15 DEBUG [AsyncHttpClient-1-2] buffer.AbstractByteBuf AbstractByteBuf.java64 - -Dio.netty.buffer.checkBounds: true
20231101 11:41:15 DEBUG [AsyncHttpClient-1-2] util.ResourceLeakDetectorFactory$DefaultResourceLeakDetectorFactory ResourceLeakDetectorFactory.java196 - Loaded default ResourceLeakDetector: io.netty.util.ResourceLeakDetector@47ff61c3
20231101 11:41:15 DEBUG [AsyncHttpClient-1-2] util.Recycler Recycler.java96 - -Dio.netty.recycler.maxCapacityPerThread: 4096
20231101 11:41:15 DEBUG [AsyncHttpClient-1-2] util.Recycler Recycler.java97 - -Dio.netty.recycler.ratio: 8
20231101 11:41:15 DEBUG [AsyncHttpClient-1-2] util.Recycler Recycler.java98 - -Dio.netty.recycler.chunkSize: 32
20231101 11:41:15 DEBUG [AsyncHttpClient-1-2] util.Recycler Recycler.java99 - -Dio.netty.recycler.blocking: false
20231101 11:41:15 DEBUG [AsyncHttpClient-1-2] util.Recycler Recycler.java100 - -Dio.netty.recycler.batchFastThreadLocalOnly: true
20231101 11:41:18 DEBUG [AsyncHttpClient-1-2] compression.Brotli Brotli.java38 - brotli4j not in the classpath; Brotli support will be unavailable.
20231101 11:41:18 DEBUG [main] internal.ThreadLocalRandom ThreadLocalRandom.java214 - -Dio.netty.initialSeedUniquifier: 0x554857afa6bdd6d0
20231101 11:41:22 INFO  [main] steps.FirebaseStepDef FirebaseStepDef.java55 - https://qa-tekarch.firebaseapp.comis entered
20231101 11:41:53 INFO  [main] base.BasePage BasePage.java57 - pass:username field  element cleared
20231101 11:41:53 INFO  [main] base.BasePage BasePage.java47 - Pass:username field is entered to the username filed
20231101 11:41:53 INFO  [main] base.BasePage BasePage.java57 - pass:password field  element cleared
20231101 11:41:53 INFO  [main] base.BasePage BasePage.java47 - Pass:password field is entered to the username filed
20231101 11:41:54 INFO  [main] base.BasePage BasePage.java67 - pass:login button element clicked
20231101 11:42:25 INFO  [main] steps.FirebaseStepDef FirebaseStepDef.java60 - current browser closed
